Using pre-set license
Built from '2020.3/staging' branch; Version is '2020.3.40f1 (ba48d4efcef1) revision 12208340'; Using compiler version '192528614'; Build Type 'Release'
OS: 'Windows 10  (10.0.19044) 64bit Professional' Language: 'ru' Physical Memory: 16320 MB
BatchMode: 1, IsHumanControllingUs: 0, StartBugReporterOnCrash: 0, Is64bit: 1, IsPro: 0

COMMAND LINE ARGUMENTS:
C:\Program Files\Unity\Hub\Editor\2020.3.40f1\Editor\Unity.exe
-adb2
-batchMode
-noUpm
-name
AssetImportWorker0
-projectPath
C:/Users/gor28/TowerDefence
-logFile
Logs/AssetImportWorker0.log
-srvPort
49797
Successfully changed project path to: C:/Users/gor28/TowerDefence
C:/Users/gor28/TowerDefence
Using Asset Import Pipeline V2.
Refreshing native plugins compatible for Editor in 46.42 ms, found 2 plugins.
Preloading 0 native plugins for Editor in 0.00 ms.
Initialize engine version: 2020.3.40f1 (ba48d4efcef1)
[Subsystems] Discovering subsystems at path C:/Program Files/Unity/Hub/Editor/2020.3.40f1/Editor/Data/Resources/UnitySubsystems
[Subsystems] Discovering subsystems at path C:/Users/gor28/TowerDefence/Assets
GfxDevice: creating device client; threaded=0
Direct3D:
    Version:  Direct3D 11.0 [level 11.1]
    Renderer: NVIDIA GeForce GTX 1050 Ti (ID=0x1c82)
    Vendor:   
    VRAM:     4018 MB
    Driver:   30.0.15.1295
Initialize mono
Mono path[0] = 'C:/Program Files/Unity/Hub/Editor/2020.3.40f1/Editor/Data/Managed'
Mono path[1] = 'C:/Program Files/Unity/Hub/Editor/2020.3.40f1/Editor/Data/MonoBleedingEdge/lib/mono/unityjit'
Mono config path = 'C:/Program Files/Unity/Hub/Editor/2020.3.40f1/Editor/Data/MonoBleedingEdge/etc'
Using monoOptions --debugger-agent=transport=dt_socket,embedding=1,server=y,suspend=n,address=127.0.0.1:56768
Begin MonoManager ReloadAssembly
Registering precompiled unity dll's ...
Register platform support module: C:/Program Files/Unity/Hub/Editor/2020.3.40f1/Editor/Data/PlaybackEngines/WebGLSupport/UnityEditor.WebGL.Extensions.dll
Register platform support module: C:/Program Files/Unity/Hub/Editor/2020.3.40f1/Editor/Data/PlaybackEngines/WindowsStandaloneSupport/UnityEditor.WindowsStandalone.Extensions.dll
Registered in 0.002716 seconds.
Native extension for WindowsStandalone target not found
Native extension for WebGL target not found
Refreshing native plugins compatible for Editor in 46.06 ms, found 2 plugins.
Preloading 0 native plugins for Editor in 0.00 ms.
Mono: successfully reloaded assembly
- Completed reload, in  0.706 seconds
Domain Reload Profiling:
	ReloadAssembly (706ms)
		BeginReloadAssembly (77ms)
			ExecutionOrderSort (0ms)
			DisableScriptedObjects (0ms)
			BackupInstance (0ms)
			ReleaseScriptingObjects (0ms)
			CreateAndSetChildDomain (1ms)
		EndReloadAssembly (540ms)
			LoadAssemblies (74ms)
			RebuildTransferFunctionScriptingTraits (0ms)
			SetupTypeCache (178ms)
			ReleaseScriptCaches (0ms)
			RebuildScriptCaches (36ms)
			SetupLoadedEditorAssemblies (216ms)
				LogAssemblyErrors (0ms)
				InitializePlatformSupportModulesInManaged (6ms)
				SetLoadedEditorAssemblies (0ms)
				RefreshPlugins (46ms)
				BeforeProcessingInitializeOnLoad (15ms)
				ProcessInitializeOnLoadAttributes (115ms)
				ProcessInitializeOnLoadMethodAttributes (33ms)
				AfterProcessingInitializeOnLoad (0ms)
				EditorAssembliesLoaded (0ms)
			ExecutionOrderSort2 (0ms)
			AwakeInstancesAfterBackupRestoration (0ms)
Platform modules already initialized, skipping
Registering precompiled user dll's ...
Registered in 0.003464 seconds.
Begin MonoManager ReloadAssembly
Native extension for WindowsStandalone target not found
Native extension for WebGL target not found
Refreshing native plugins compatible for Editor in 0.37 ms, found 2 plugins.
Preloading 0 native plugins for Editor in 0.00 ms.
Mono: successfully reloaded assembly
- Completed reload, in  1.209 seconds
Domain Reload Profiling:
	ReloadAssembly (1210ms)
		BeginReloadAssembly (186ms)
			ExecutionOrderSort (0ms)
			DisableScriptedObjects (8ms)
			BackupInstance (0ms)
			ReleaseScriptingObjects (0ms)
			CreateAndSetChildDomain (23ms)
		EndReloadAssembly (955ms)
			LoadAssemblies (109ms)
			RebuildTransferFunctionScriptingTraits (0ms)
			SetupTypeCache (317ms)
			ReleaseScriptCaches (0ms)
			RebuildScriptCaches (62ms)
			SetupLoadedEditorAssemblies (375ms)
				LogAssemblyErrors (0ms)
				InitializePlatformSupportModulesInManaged (6ms)
				SetLoadedEditorAssemblies (1ms)
				RefreshPlugins (0ms)
				BeforeProcessingInitializeOnLoad (110ms)
				ProcessInitializeOnLoadAttributes (233ms)
				ProcessInitializeOnLoadMethodAttributes (17ms)
				AfterProcessingInitializeOnLoad (7ms)
				EditorAssembliesLoaded (0ms)
			ExecutionOrderSort2 (0ms)
			AwakeInstancesAfterBackupRestoration (2ms)
Platform modules already initialized, skipping
========================================================================
Worker process is ready to serve import requests
Launched and connected shader compiler UnityShaderCompiler.exe after 0.06 seconds
Refreshing native plugins compatible for Editor in 0.40 ms, found 2 plugins.
Preloading 0 native plugins for Editor in 0.00 ms.
Unloading 1608 Unused Serialized files (Serialized files now loaded: 0)
System memory in use before: 75.3 MB.
System memory in use after: 75.3 MB.

Unloading 17 unused Assets to reduce memory usage. Loaded Objects now: 2047.
Total: 3.573800 ms (FindLiveObjects: 0.235300 ms CreateObjectMapping: 0.129800 ms MarkObjects: 3.106000 ms  DeleteObjects: 0.101600 ms)

AssetImportParameters requested are different than current active one (requested -> active):
  custom:framework-win-MediaFoundation: 216162199b28c13a410421893ffa2e32 -> 
  custom:video-decoder-ogg-theora: a1e56fd34408186e4bbccfd4996cb3dc -> 
  custom:container-muxer-webm: aa71ff27fc2769a1b78a27578f13a17b -> 
  custom:container-demuxer-webm: 4f35f7cbe854078d1ac9338744f61a02 -> 
  custom:container-demuxer-ogg: 62fdf1f143b41e24485cea50d1cbac27 -> 
  custom:video-encoder-webm-vp8: eb34c28f22e8b96e1ab97ce403110664 -> 
  custom:video-decoder-webm-vp8: 9c59270c3fd7afecdb556c50c9e8de78 -> 
  custom:audio-decoder-ogg-vorbis: bf7c407c2cedff20999df2af8eb42d56 -> 
  custom:audio-encoder-webm-vorbis: bf7c407c2cedff20999df2af8eb42d56 -> 
========================================================================
Received Import Request.
  path: Assets/Models
  artifactKey: Guid(e89a90cfec247b94a80f7c42e1c3169d) Importer(815301076,1909f56bfc062723c751e8b465ee728b)
Start importing Assets/Models using Guid(e89a90cfec247b94a80f7c42e1c3169d) Importer(815301076,1909f56bfc062723c751e8b465ee728b)  -> (artifact id: '1d9f735d01e0240238e8245f8f65af67') in 0.026676 seconds 
========================================================================
Received Import Request.
  Time since last request: 54.765746 seconds.
  path: Assets/Models/Cannon
  artifactKey: Guid(6679bff5bc2b1774fa0fd63fb4285c86) Importer(815301076,1909f56bfc062723c751e8b465ee728b)
Start importing Assets/Models/Cannon using Guid(6679bff5bc2b1774fa0fd63fb4285c86) Importer(815301076,1909f56bfc062723c751e8b465ee728b)  -> (artifact id: '671fb7d668acfc8944b7b55d5a0474d7') in 0.014782 seconds 
========================================================================
Received Import Request.
  Time since last request: 0.066470 seconds.
  path: Assets/Models/Cannon/cannon.obj
  artifactKey: Guid(0b1b6519caa1f304d959924dcbebbd20) Importer(815301076,1909f56bfc062723c751e8b465ee728b)
Start importing Assets/Models/Cannon/cannon.obj using Guid(0b1b6519caa1f304d959924dcbebbd20) Importer(815301076,1909f56bfc062723c751e8b465ee728b)  -> (artifact id: '69605d323ae70c90c77ab957122edc15') in 0.517150 seconds 
========================================================================
Received Import Request.
  Time since last request: 0.000201 seconds.
  path: Assets/Models/Cannon/cannon.png
  artifactKey: Guid(1c7aad173f503cb4d9ac314d4375321f) Importer(815301076,1909f56bfc062723c751e8b465ee728b)
Start importing Assets/Models/Cannon/cannon.png using Guid(1c7aad173f503cb4d9ac314d4375321f) Importer(815301076,1909f56bfc062723c751e8b465ee728b)  -> (artifact id: 'f6fc965191009e398a4d5f49d8170abe') in 0.065500 seconds 
========================================================================
Received Import Request.
  Time since last request: 2.830183 seconds.
  path: Assets/Models/Cannon/GUN.vox
  artifactKey: Guid(0b5d4157b3373b74ba021e73bf6db226) Importer(815301076,1909f56bfc062723c751e8b465ee728b)
Start importing Assets/Models/Cannon/GUN.vox using Guid(0b5d4157b3373b74ba021e73bf6db226) Importer(815301076,1909f56bfc062723c751e8b465ee728b)  -> (artifact id: 'c2acf37f19fc8d6623e748ef63207786') in 0.014956 seconds 
========================================================================
Received Import Request.
  Time since last request: 1.130066 seconds.
  path: Assets/Models/Cannon/cannon.mtl
  artifactKey: Guid(592e328a3618b5845b1391ffd8bb7957) Importer(815301076,1909f56bfc062723c751e8b465ee728b)
Start importing Assets/Models/Cannon/cannon.mtl using Guid(592e328a3618b5845b1391ffd8bb7957) Importer(815301076,1909f56bfc062723c751e8b465ee728b)  -> (artifact id: '3c56a49c3cfea7137b7ff76912817bbc') in 0.007153 seconds 
========================================================================
Received Import Request.
  Time since last request: 9.978931 seconds.
  path: Assets/Models/Huggy
  artifactKey: Guid(3db8bd8492dc9b54ca44d9aa2630a25a) Importer(815301076,1909f56bfc062723c751e8b465ee728b)
Start importing Assets/Models/Huggy using Guid(3db8bd8492dc9b54ca44d9aa2630a25a) Importer(815301076,1909f56bfc062723c751e8b465ee728b)  -> (artifact id: '3d07655b11647ab160fe9464bc1fe1d4') in 0.028850 seconds 
========================================================================
Received Import Request.
  Time since last request: 0.843804 seconds.
  path: Assets/Models/Huggy/Animations
  artifactKey: Guid(ccf03c1315bc6954db4352bc86581f83) Importer(815301076,1909f56bfc062723c751e8b465ee728b)
Start importing Assets/Models/Huggy/Animations using Guid(ccf03c1315bc6954db4352bc86581f83) Importer(815301076,1909f56bfc062723c751e8b465ee728b)  -> (artifact id: '64811cf887bbfc58d65f264dcbd99f46') in 0.011373 seconds 
========================================================================
Received Import Request.
  Time since last request: 0.283846 seconds.
  path: Assets/Models/Huggy/Animations/Mutant Dying.fbx
  artifactKey: Guid(93a2a9ac1e2ebb543adb689cdfd2be6e) Importer(815301076,1909f56bfc062723c751e8b465ee728b)
Start importing Assets/Models/Huggy/Animations/Mutant Dying.fbx using Guid(93a2a9ac1e2ebb543adb689cdfd2be6e) Importer(815301076,1909f56bfc062723c751e8b465ee728b)  -> (artifact id: '107cf4f6874d007785ccadda811d9467') in 0.017324 seconds 
========================================================================
Received Import Request.
  Time since last request: 0.000235 seconds.
  path: Assets/Models/Huggy/Animations/Mutant Swiping.fbx
  artifactKey: Guid(e491ac168fbd6df41906f9e85c6cee02) Importer(815301076,1909f56bfc062723c751e8b465ee728b)
Start importing Assets/Models/Huggy/Animations/Mutant Swiping.fbx using Guid(e491ac168fbd6df41906f9e85c6cee02) Importer(815301076,1909f56bfc062723c751e8b465ee728b)  -> (artifact id: '1b9202da1989411245068d52681955b6') in 0.019875 seconds 
========================================================================
Received Import Request.
  Time since last request: 0.000249 seconds.
  path: Assets/Models/Huggy/Animations/Slow Run.fbx
  artifactKey: Guid(f362fc158a689224f8a575df829c2d6e) Importer(815301076,1909f56bfc062723c751e8b465ee728b)
Start importing Assets/Models/Huggy/Animations/Slow Run.fbx using Guid(f362fc158a689224f8a575df829c2d6e) Importer(815301076,1909f56bfc062723c751e8b465ee728b)  -> (artifact id: 'cdf4a1ae3cc90f9dd0f7cd8454e32258') in 0.018332 seconds 
========================================================================
Received Import Request.
  Time since last request: 0.000251 seconds.
  path: Assets/Models/Huggy/Animations/T-Pose.fbx
  artifactKey: Guid(e895b9eced7a56247bcbe76c5b6dfdc0) Importer(815301076,1909f56bfc062723c751e8b465ee728b)
Start importing Assets/Models/Huggy/Animations/T-Pose.fbx using Guid(e895b9eced7a56247bcbe76c5b6dfdc0) Importer(815301076,1909f56bfc062723c751e8b465ee728b)  -> (artifact id: 'be8e132693ccfec8339da05eeb23e142') in 0.306498 seconds 
========================================================================
Received Import Request.
  Time since last request: 1.725274 seconds.
  path: Assets/Models/Huggy/source
  artifactKey: Guid(e60370b3e3e435e49b34bde1290ef924) Importer(815301076,1909f56bfc062723c751e8b465ee728b)
Start importing Assets/Models/Huggy/source using Guid(e60370b3e3e435e49b34bde1290ef924) Importer(815301076,1909f56bfc062723c751e8b465ee728b)  -> (artifact id: '96d3aff748f8533cf52b264b58a7dc37') in 0.010882 seconds 
========================================================================
Received Import Request.
  Time since last request: 0.039661 seconds.
  path: Assets/Models/Huggy/source/Huggy Wuggy 2.fbx
  artifactKey: Guid(79d61a676e8b46742abca1dcc0804c66) Importer(815301076,1909f56bfc062723c751e8b465ee728b)
Start importing Assets/Models/Huggy/source/Huggy Wuggy 2.fbx using Guid(79d61a676e8b46742abca1dcc0804c66) Importer(815301076,1909f56bfc062723c751e8b465ee728b)  -> (artifact id: '8e5657a5b268f332d897531fd308fa34') in 0.069052 seconds 
========================================================================
Received Import Request.
  Time since last request: 2.900397 seconds.
  path: Assets/Models/Huggy/textures
  artifactKey: Guid(792e760e6d4096540a739e495df77bf7) Importer(815301076,1909f56bfc062723c751e8b465ee728b)
Start importing Assets/Models/Huggy/textures using Guid(792e760e6d4096540a739e495df77bf7) Importer(815301076,1909f56bfc062723c751e8b465ee728b)  -> (artifact id: 'e3f99a0fa5c7099ff54fe30d3f776fa2') in 0.010335 seconds 
========================================================================
Received Import Request.
  Time since last request: 0.022301 seconds.
  path: Assets/Models/Huggy/textures/baketexture1_diffcolor_1001.png
  artifactKey: Guid(e0718bbb4976a6c4f93021ede536429a) Importer(815301076,1909f56bfc062723c751e8b465ee728b)
Start importing Assets/Models/Huggy/textures/baketexture1_diffcolor_1001.png using Guid(e0718bbb4976a6c4f93021ede536429a) Importer(815301076,1909f56bfc062723c751e8b465ee728b)  -> (artifact id: '74261f275a76de5ebe5cbd5422ffb984') in 0.015994 seconds 
========================================================================
Received Import Request.
  Time since last request: 0.000288 seconds.
  path: Assets/Models/Huggy/textures/MaleHuggie_Normal.png
  artifactKey: Guid(a7e6b960af0da134f9ca53b1ab8e06e0) Importer(815301076,1909f56bfc062723c751e8b465ee728b)
Start importing Assets/Models/Huggy/textures/MaleHuggie_Normal.png using Guid(a7e6b960af0da134f9ca53b1ab8e06e0) Importer(815301076,1909f56bfc062723c751e8b465ee728b)  -> (artifact id: '0d11737f1b1ca284c89714c489544060') in 0.020458 seconds 
========================================================================
Received Import Request.
  Time since last request: 0.000213 seconds.
  path: Assets/Models/Huggy/textures/baketexture1_N_1001.png
  artifactKey: Guid(938cb51f97173b244ac32438a14f74a7) Importer(815301076,1909f56bfc062723c751e8b465ee728b)
Start importing Assets/Models/Huggy/textures/baketexture1_N_1001.png using Guid(938cb51f97173b244ac32438a14f74a7) Importer(815301076,1909f56bfc062723c751e8b465ee728b)  -> (artifact id: 'a9f07b9a0f8ba8e22973637fdc2a2867') in 0.013576 seconds 
========================================================================
Received Import Request.
  Time since last request: 0.000184 seconds.
  path: Assets/Models/Huggy/textures/Huggy_ScaryMESH_pasted__mouth_MAT_BaseColo.png
  artifactKey: Guid(96d041a106474aa40aab97799cd9c242) Importer(815301076,1909f56bfc062723c751e8b465ee728b)
Start importing Assets/Models/Huggy/textures/Huggy_ScaryMESH_pasted__mouth_MAT_BaseColo.png using Guid(96d041a106474aa40aab97799cd9c242) Importer(815301076,1909f56bfc062723c751e8b465ee728b)  -> (artifact id: '9d685d039650326345f0cc00141d49fa') in 0.015815 seconds 
========================================================================
Received Import Request.
  Time since last request: 0.000243 seconds.
  path: Assets/Models/Huggy/textures/Teeth.png
  artifactKey: Guid(0098bf46991d7254a90b9f0c2374d0a4) Importer(815301076,1909f56bfc062723c751e8b465ee728b)
Start importing Assets/Models/Huggy/textures/Teeth.png using Guid(0098bf46991d7254a90b9f0c2374d0a4) Importer(815301076,1909f56bfc062723c751e8b465ee728b)  -> (artifact id: '4d0a18a1b2f4d03b6d342784c1146f14') in 0.190484 seconds 
========================================================================
Received Import Request.
  Time since last request: 0.000265 seconds.
  path: Assets/Models/Huggy/textures/Huggy_ScaryMESH_pasted__mouth_MAT_Normal.png
  artifactKey: Guid(32003ec07d4135f449c679f22c1a8b14) Importer(815301076,1909f56bfc062723c751e8b465ee728b)
Start importing Assets/Models/Huggy/textures/Huggy_ScaryMESH_pasted__mouth_MAT_Normal.png using Guid(32003ec07d4135f449c679f22c1a8b14) Importer(815301076,1909f56bfc062723c751e8b465ee728b)  -> (artifact id: '976511c09e4813079b25a122282e61eb') in 0.024722 seconds 
========================================================================
Received Import Request.
  Time since last request: 0.000284 seconds.
  path: Assets/Models/Huggy/textures/MaleHuggie_OcclusionRoughnessMetallic.png
  artifactKey: Guid(c45311c44c26a5640bc49ffd691218c6) Importer(815301076,1909f56bfc062723c751e8b465ee728b)
Start importing Assets/Models/Huggy/textures/MaleHuggie_OcclusionRoughnessMetallic.png using Guid(c45311c44c26a5640bc49ffd691218c6) Importer(815301076,1909f56bfc062723c751e8b465ee728b)  -> (artifact id: 'b5cdf680de636ecb4873ce85c6e0c156') in 0.020553 seconds 
========================================================================
Received Import Request.
  Time since last request: 0.000213 seconds.
  path: Assets/Models/Huggy/textures/MaleHuggie_BaseColor.png
  artifactKey: Guid(9480fd68622c0194c835a06f82988689) Importer(815301076,1909f56bfc062723c751e8b465ee728b)
Start importing Assets/Models/Huggy/textures/MaleHuggie_BaseColor.png using Guid(9480fd68622c0194c835a06f82988689) Importer(815301076,1909f56bfc062723c751e8b465ee728b)  -> (artifact id: '42788149e11696c747c809aed7e06fbf') in 0.020886 seconds 
========================================================================
Received Import Request.
  Time since last request: 35.466449 seconds.
  path: Assets/Models/Rainbow
  artifactKey: Guid(8594b3b5d3abe2946b52433c06f1b1cf) Importer(815301076,1909f56bfc062723c751e8b465ee728b)
Start importing Assets/Models/Rainbow using Guid(8594b3b5d3abe2946b52433c06f1b1cf) Importer(815301076,1909f56bfc062723c751e8b465ee728b)  -> (artifact id: 'c2a83be6cc77933b5a15bdfb40da30fc') in 0.010981 seconds 
========================================================================
Received Import Request.
  Time since last request: 0.016600 seconds.
  path: Assets/Models/Rainbow/blue.fbx
  artifactKey: Guid(d6d7c5787f2cda645948232c8878eafc) Importer(815301076,1909f56bfc062723c751e8b465ee728b)
Start importing Assets/Models/Rainbow/blue.fbx using Guid(d6d7c5787f2cda645948232c8878eafc) Importer(815301076,1909f56bfc062723c751e8b465ee728b)  -> (artifact id: '398f43beae257e023a04cfb2c68612bb') in 0.048331 seconds 
========================================================================
Received Import Request.
  Time since last request: 3.100032 seconds.
  path: Assets/Models/Rainbow/source
  artifactKey: Guid(8941494c426c04b4e8037bf62db1636f) Importer(815301076,1909f56bfc062723c751e8b465ee728b)
Start importing Assets/Models/Rainbow/source using Guid(8941494c426c04b4e8037bf62db1636f) Importer(815301076,1909f56bfc062723c751e8b465ee728b)  -> (artifact id: '91d8abc1b368299f2198ec7eb3d0b28f') in 0.004099 seconds 
========================================================================
Received Import Request.
  Time since last request: 0.038178 seconds.
  path: Assets/Models/Rainbow/source/blue.blend
  artifactKey: Guid(1f962303b57a1134bb33bb1d2023e2ef) Importer(815301076,1909f56bfc062723c751e8b465ee728b)
Start importing Assets/Models/Rainbow/source/blue.blend using Guid(1f962303b57a1134bb33bb1d2023e2ef) Importer(815301076,1909f56bfc062723c751e8b465ee728b)  -> (artifact id: '38c83aeb138a92baa92129227ceda25a') in 0.062069 seconds 
========================================================================
Received Import Request.
  Time since last request: 3.854880 seconds.
  path: Assets/Models/Tower
  artifactKey: Guid(ef39b146637dd204eadc1c2e55ab4a02) Importer(815301076,1909f56bfc062723c751e8b465ee728b)
Start importing Assets/Models/Tower using Guid(ef39b146637dd204eadc1c2e55ab4a02) Importer(815301076,1909f56bfc062723c751e8b465ee728b)  -> (artifact id: '1ea364b33f5ef1476de77c43e279c3b5') in 0.008859 seconds 
========================================================================
Received Import Request.
  Time since last request: 0.010776 seconds.
  path: Assets/Models/Tower/Tower.obj
  artifactKey: Guid(ad9bbcd7b0640564d827cbb65ed85446) Importer(815301076,1909f56bfc062723c751e8b465ee728b)
Start importing Assets/Models/Tower/Tower.obj using Guid(ad9bbcd7b0640564d827cbb65ed85446) Importer(815301076,1909f56bfc062723c751e8b465ee728b)  -> (artifact id: '06a7243a85349ea3de2f7151c9f59669') in 0.029708 seconds 
========================================================================
Received Import Request.
  Time since last request: 0.000313 seconds.
  path: Assets/Models/Tower/Tower.png
  artifactKey: Guid(40883bf98283e914ca881aba1a800275) Importer(815301076,1909f56bfc062723c751e8b465ee728b)
Start importing Assets/Models/Tower/Tower.png using Guid(40883bf98283e914ca881aba1a800275) Importer(815301076,1909f56bfc062723c751e8b465ee728b)  -> (artifact id: 'f6a1f86d43492e7e419730f245d382cf') in 0.013397 seconds 
========================================================================
Received Import Request.
  Time since last request: 2.654798 seconds.
  path: Assets/Models/Tower/Tower.mtl
  artifactKey: Guid(3f3b0da922b5b75448dcb64ce55eade2) Importer(815301076,1909f56bfc062723c751e8b465ee728b)
Start importing Assets/Models/Tower/Tower.mtl using Guid(3f3b0da922b5b75448dcb64ce55eade2) Importer(815301076,1909f56bfc062723c751e8b465ee728b)  -> (artifact id: '057e70bd21a6dadedbe54013a627de7d') in 0.004597 seconds 
========================================================================
Received Import Request.
  Time since last request: 5.712670 seconds.
  path: Assets/Models/Rainbow/textures
  artifactKey: Guid(c1b023fea1a630045a7c08231d7fb370) Importer(815301076,1909f56bfc062723c751e8b465ee728b)
Start importing Assets/Models/Rainbow/textures using Guid(c1b023fea1a630045a7c08231d7fb370) Importer(815301076,1909f56bfc062723c751e8b465ee728b)  -> (artifact id: '2bd1cbc1c9756bfa393edb8537eb7c8f') in 0.004077 seconds 
========================================================================
Received Import Request.
  Time since last request: 51.435354 seconds.
  path: Assets/Scenes
  artifactKey: Guid(6ea315d0fd7389c41b19996891e99ae3) Importer(815301076,1909f56bfc062723c751e8b465ee728b)
Start importing Assets/Scenes using Guid(6ea315d0fd7389c41b19996891e99ae3) Importer(815301076,1909f56bfc062723c751e8b465ee728b)  -> (artifact id: 'fd21fa7a6c7995562054ace971d31a84') in 0.008765 seconds 
========================================================================
Received Import Request.
  Time since last request: 8.343369 seconds.
  path: Assets/Scenes/End.unity
  artifactKey: Guid(5f0bf65e6ed7e3240b6c2afe24b3406c) Importer(815301076,1909f56bfc062723c751e8b465ee728b)
Start importing Assets/Scenes/End.unity using Guid(5f0bf65e6ed7e3240b6c2afe24b3406c) Importer(815301076,1909f56bfc062723c751e8b465ee728b)  -> (artifact id: 'e82e60f4ede66721c608b69f9f966bf4') in 0.011009 seconds 
========================================================================
Received Import Request.
  Time since last request: 195.419674 seconds.
  path: Assets/Scenes/Main.unity
  artifactKey: Guid(9fc0d4010bbf28b4594072e72b8655ab) Importer(815301076,1909f56bfc062723c751e8b465ee728b)
Start importing Assets/Scenes/Main.unity using Guid(9fc0d4010bbf28b4594072e72b8655ab) Importer(815301076,1909f56bfc062723c751e8b465ee728b)  -> (artifact id: 'a4f4342448859eb8dd27610728c2fd3f') in 0.009705 seconds 
========================================================================
Received Import Request.
  Time since last request: 5.622564 seconds.
  path: Assets/Scripts
  artifactKey: Guid(bbee3fde8ca6fa74090e31b19995d058) Importer(815301076,1909f56bfc062723c751e8b465ee728b)
Start importing Assets/Scripts using Guid(bbee3fde8ca6fa74090e31b19995d058) Importer(815301076,1909f56bfc062723c751e8b465ee728b)  -> (artifact id: '967ea3f1eb81be0d350ba88517dfc95b') in 0.008889 seconds 
========================================================================
Received Import Request.
  Time since last request: 23.042673 seconds.
  path: Assets/Scripts/UI
  artifactKey: Guid(1dc8c5e8a755e66408c66ee8bd2c867c) Importer(815301076,1909f56bfc062723c751e8b465ee728b)
Start importing Assets/Scripts/UI using Guid(1dc8c5e8a755e66408c66ee8bd2c867c) Importer(815301076,1909f56bfc062723c751e8b465ee728b)  -> (artifact id: '533e28009c45d4b97b258b4f5fa9612d') in 0.008860 seconds 
========================================================================
Received Import Request.
  Time since last request: 1.951662 seconds.
  path: Assets/Scripts/Game.cs
  artifactKey: Guid(fc3f920d9ec2a904ca903b9a1c7107d3) Importer(815301076,1909f56bfc062723c751e8b465ee728b)
Start importing Assets/Scripts/Game.cs using Guid(fc3f920d9ec2a904ca903b9a1c7107d3) Importer(815301076,1909f56bfc062723c751e8b465ee728b)  -> (artifact id: '15c5edda45135151d67c6a18805c45de') in 0.016847 seconds 
========================================================================
Received Import Request.
  Time since last request: 588.802435 seconds.
  path: Assets/Models/Noob
  artifactKey: Guid(da9d059bcda80864281cf68b360310a6) Importer(815301076,1909f56bfc062723c751e8b465ee728b)
Start importing Assets/Models/Noob using Guid(da9d059bcda80864281cf68b360310a6) Importer(815301076,1909f56bfc062723c751e8b465ee728b)  -> (artifact id: '9a3ca6786854e7418413027b17abadab') in 0.009600 seconds 
========================================================================
Received Import Request.
  Time since last request: 0.068086 seconds.
  path: Assets/Models/Noob/noob.fbx
  artifactKey: Guid(9e41936878450b34fabf232b639ccaae) Importer(815301076,1909f56bfc062723c751e8b465ee728b)
Start importing Assets/Models/Noob/noob.fbx using Guid(9e41936878450b34fabf232b639ccaae) Importer(815301076,1909f56bfc062723c751e8b465ee728b)  -> (artifact id: 'e65099b252d275480c838b6b0018861d') in 0.032900 seconds 
========================================================================
Received Import Request.
  Time since last request: 0.000368 seconds.
  path: Assets/Models/Noob/noob.png
  artifactKey: Guid(eeaa7c7e7519688408beb962586a7255) Importer(815301076,1909f56bfc062723c751e8b465ee728b)
Start importing Assets/Models/Noob/noob.png using Guid(eeaa7c7e7519688408beb962586a7255) Importer(815301076,1909f56bfc062723c751e8b465ee728b)  -> (artifact id: '3439005068621e0b5810efe1d4b7096a') in 0.012862 seconds 
========================================================================
Received Import Request.
  Time since last request: 753.456613 seconds.
  path: Assets/Scripts/Game.cs
  artifactKey: Guid(fc3f920d9ec2a904ca903b9a1c7107d3) Importer(815301076,1909f56bfc062723c751e8b465ee728b)
Start importing Assets/Scripts/Game.cs using Guid(fc3f920d9ec2a904ca903b9a1c7107d3) Importer(815301076,1909f56bfc062723c751e8b465ee728b)  -> (artifact id: 'f1782bff43f13e39d2121e39f1f650b8') in 0.015868 seconds 
========================================================================
Received Prepare
Registering precompiled user dll's ...
Registered in 0.004415 seconds.
Begin MonoManager ReloadAssembly
Native extension for WindowsStandalone target not found
Native extension for WebGL target not found
Refreshing native plugins compatible for Editor in 0.40 ms, found 2 plugins.
Preloading 0 native plugins for Editor in 0.00 ms.
Mono: successfully reloaded assembly
- Completed reload, in  1.850 seconds
Domain Reload Profiling:
	ReloadAssembly (1851ms)
		BeginReloadAssembly (229ms)
			ExecutionOrderSort (0ms)
			DisableScriptedObjects (6ms)
			BackupInstance (0ms)
			ReleaseScriptingObjects (0ms)
			CreateAndSetChildDomain (62ms)
		EndReloadAssembly (1503ms)
			LoadAssemblies (204ms)
			RebuildTransferFunctionScriptingTraits (0ms)
			SetupTypeCache (543ms)
			ReleaseScriptCaches (1ms)
			RebuildScriptCaches (73ms)
			SetupLoadedEditorAssemblies (544ms)
				LogAssemblyErrors (0ms)
				InitializePlatformSupportModulesInManaged (11ms)
				SetLoadedEditorAssemblies (1ms)
				RefreshPlugins (1ms)
				BeforeProcessingInitializeOnLoad (153ms)
				ProcessInitializeOnLoadAttributes (340ms)
				ProcessInitializeOnLoadMethodAttributes (24ms)
				AfterProcessingInitializeOnLoad (14ms)
				EditorAssembliesLoaded (0ms)
			ExecutionOrderSort2 (0ms)
			AwakeInstancesAfterBackupRestoration (3ms)
Platform modules already initialized, skipping
Refreshing native plugins compatible for Editor in 1.82 ms, found 2 plugins.
Preloading 0 native plugins for Editor in 0.00 ms.
Unloading 1590 Unused Serialized files (Serialized files now loaded: 0)
System memory in use before: 90.9 MB.
System memory in use after: 91.0 MB.

Unloading 13 unused Assets to reduce memory usage. Loaded Objects now: 2098.
Total: 6.961800 ms (FindLiveObjects: 0.176800 ms CreateObjectMapping: 0.066200 ms MarkObjects: 6.542300 ms  DeleteObjects: 0.174800 ms)

AssetImportParameters requested are different than current active one (requested -> active):
  custom:framework-win-MediaFoundation: 216162199b28c13a410421893ffa2e32 -> 
  custom:video-decoder-ogg-theora: a1e56fd34408186e4bbccfd4996cb3dc -> 
  custom:container-muxer-webm: aa71ff27fc2769a1b78a27578f13a17b -> 
  custom:container-demuxer-webm: 4f35f7cbe854078d1ac9338744f61a02 -> 
  custom:container-demuxer-ogg: 62fdf1f143b41e24485cea50d1cbac27 -> 
  custom:video-encoder-webm-vp8: eb34c28f22e8b96e1ab97ce403110664 -> 
  custom:video-decoder-webm-vp8: 9c59270c3fd7afecdb556c50c9e8de78 -> 
  custom:audio-decoder-ogg-vorbis: bf7c407c2cedff20999df2af8eb42d56 -> 
  custom:audio-encoder-webm-vorbis: bf7c407c2cedff20999df2af8eb42d56 -> 
========================================================================
Received Prepare
Registering precompiled user dll's ...
Registered in 0.004988 seconds.
Begin MonoManager ReloadAssembly
Native extension for WindowsStandalone target not found
Native extension for WebGL target not found
Refreshing native plugins compatible for Editor in 0.71 ms, found 2 plugins.
Preloading 0 native plugins for Editor in 0.00 ms.
Mono: successfully reloaded assembly
- Completed reload, in 12.753 seconds
Domain Reload Profiling:
	ReloadAssembly (12754ms)
		BeginReloadAssembly (4441ms)
			ExecutionOrderSort (0ms)
			DisableScriptedObjects (6ms)
			BackupInstance (0ms)
			ReleaseScriptingObjects (0ms)
			CreateAndSetChildDomain (41ms)
		EndReloadAssembly (8232ms)
			LoadAssemblies (6943ms)
			RebuildTransferFunctionScriptingTraits (0ms)
			SetupTypeCache (2515ms)
			ReleaseScriptCaches (2ms)
			RebuildScriptCaches (71ms)
			SetupLoadedEditorAssemblies (2594ms)
				LogAssemblyErrors (0ms)
				InitializePlatformSupportModulesInManaged (9ms)
				SetLoadedEditorAssemblies (1ms)
				RefreshPlugins (1ms)
				BeforeProcessingInitializeOnLoad (141ms)
				ProcessInitializeOnLoadAttributes (687ms)
				ProcessInitializeOnLoadMethodAttributes (1744ms)
				AfterProcessingInitializeOnLoad (10ms)
				EditorAssembliesLoaded (0ms)
			ExecutionOrderSort2 (0ms)
			AwakeInstancesAfterBackupRestoration (2ms)
Platform modules already initialized, skipping
Refreshing native plugins compatible for Editor in 0.45 ms, found 2 plugins.
Preloading 0 native plugins for Editor in 0.00 ms.
Unloading 1590 Unused Serialized files (Serialized files now loaded: 0)
System memory in use before: 91.0 MB.
System memory in use after: 91.0 MB.

Unloading 12 unused Assets to reduce memory usage. Loaded Objects now: 2101.
Total: 28.583700 ms (FindLiveObjects: 0.163000 ms CreateObjectMapping: 0.070100 ms MarkObjects: 17.066700 ms  DeleteObjects: 11.282100 ms)

AssetImportParameters requested are different than current active one (requested -> active):
  custom:framework-win-MediaFoundation: 216162199b28c13a410421893ffa2e32 -> 
  custom:video-decoder-ogg-theora: a1e56fd34408186e4bbccfd4996cb3dc -> 
  custom:container-muxer-webm: aa71ff27fc2769a1b78a27578f13a17b -> 
  custom:container-demuxer-webm: 4f35f7cbe854078d1ac9338744f61a02 -> 
  custom:container-demuxer-ogg: 62fdf1f143b41e24485cea50d1cbac27 -> 
  custom:video-encoder-webm-vp8: eb34c28f22e8b96e1ab97ce403110664 -> 
  custom:video-decoder-webm-vp8: 9c59270c3fd7afecdb556c50c9e8de78 -> 
  custom:audio-decoder-ogg-vorbis: bf7c407c2cedff20999df2af8eb42d56 -> 
  custom:audio-encoder-webm-vorbis: bf7c407c2cedff20999df2af8eb42d56 -> 
AssetImportWorkerClient::OnTransportError - code=2 error=End of file
